<?xml version="1.0" encoding="UTF-8"?>
<!-- Generated by org.testng.reporters.JUnitReportReporter -->
<testsuite hostname="hp" name="mf.client.sampleTest" tests="1" failures="0" timestamp="7 Oct 2015 22:48:37 GMT" time="26.967" errors="0">
  <testcase name="testRegister" time="26.967" classname="mf.client.sampleTest"/>
</testsuite> <!-- mf.client.sampleTest -->
