<?xml version="1.0" encoding="UTF-8"?>
<!-- Generated by org.testng.reporters.JUnitReportReporter -->
<testsuite hostname="hp" name="mf.client.VisitorPageTest" tests="1" failures="0" timestamp="7 Oct 2015 22:38:05 GMT" time="26.626" errors="0">
  <testcase name="test1" time="26.626" classname="mf.client.VisitorPageTest"/>
</testsuite> <!-- mf.client.VisitorPageTest -->
